<?xml version="1.0" encoding="UTF-8"?>
<!-- Generated by org.testng.reporters.JUnitXMLReporter -->
<testsuite ignored="0" hostname="Sophias-MacBook-Pro.local" failures="0" tests="5" name="Amazon Tests" time="41.996" errors="0" timestamp="10 Oct. 2018 00:55:30 GMT">
  <testcase classname="amazonTest.AmazonTest1" name="verifySignInButton" time="0.038"/>
  <testcase classname="amazonTest.AmazonTest2" name="verifyUserSignIn" time="3.91"/>
  <testcase classname="amazonTest.AmazonTest3" name="verifyValidSearch" time="8.599"/>
  <testcase classname="amazonTest.AmazonTest4" name="verifyInvalidSearch" time="5.746"/>
  <testcase classname="amazonTest.AmazonTest5" name="verifyProceedCheckout" time="11.215"/>
</testsuite> <!-- Amazon Tests -->
