<?xml version="1.0" encoding="UTF-8"?>
<testng-results ignored="0" total="5" passed="5" failed="0" skipped="0">
  <reporter-output>
  </reporter-output>
  <suite started-at="2018-10-10T00:54:43Z" name="Amazon Test Suite" finished-at="2018-10-10T00:55:25Z" duration-ms="41996">
    <groups>
    </groups>
    <test started-at="2018-10-10T00:54:43Z" name="Amazon Tests" finished-at="2018-10-10T00:55:25Z" duration-ms="41996">
      <class name="amazonTest.AmazonTest3">
        <test-method signature="verifyValidSearch()[pri:0, instance:amazonTest.AmazonTest3@71e9ddb4]" started-at="2018-10-10T00:54:58Z" name="verifyValidSearch" finished-at="2018-10-10T00:55:07Z" duration-ms="8599" status="PASS">
          <reporter-output>
          </reporter-output>
        </test-method> <!-- verifyValidSearch -->
      </class> <!-- amazonTest.AmazonTest3 -->
      <class name="amazonTest.AmazonTest2">
        <test-method signature="verifyUserSignIn()[pri:0, instance:amazonTest.AmazonTest2@7530ad9c]" started-at="2018-10-10T00:54:54Z" name="verifyUserSignIn" finished-at="2018-10-10T00:54:58Z" duration-ms="3910" status="PASS">
          <reporter-output>
          </reporter-output>
        </test-method> <!-- verifyUserSignIn -->
      </class> <!-- amazonTest.AmazonTest2 -->
      <class name="amazonTest.AmazonTest5">
        <test-method signature="verifyProceedCheckout()[pri:0, instance:amazonTest.AmazonTest5@58a9760d]" started-at="2018-10-10T00:55:13Z" name="verifyProceedCheckout" finished-at="2018-10-10T00:55:24Z" duration-ms="11215" status="PASS">
          <reporter-output>
          </reporter-output>
        </test-method> <!-- verifyProceedCheckout -->
      </class> <!-- amazonTest.AmazonTest5 -->
      <class name="amazonTest.AmazonTest4">
        <test-method signature="verifyInvalidSearch()[pri:0, instance:amazonTest.AmazonTest4@394df057]" started-at="2018-10-10T00:55:07Z" name="verifyInvalidSearch" finished-at="2018-10-10T00:55:13Z" duration-ms="5746" status="PASS">
          <reporter-output>
          </reporter-output>
        </test-method> <!-- verifyInvalidSearch -->
      </class> <!-- amazonTest.AmazonTest4 -->
      <class name="amazonTest.AmazonTest1">
        <test-method is-config="true" signature="logOutUser()[pri:0, instance:amazonTest.AmazonTest1@4e50c791]" started-at="2018-10-10T00:54:43Z" name="logOutUser" finished-at="2018-10-10T00:54:46Z" duration-ms="3418" status="PASS">
          <reporter-output>
          </reporter-output>
        </test-method> <!-- logOutUser -->
        <test-method is-config="true" signature="logOutUser()[pri:0, instance:amazonTest.AmazonTest2@7530ad9c]" started-at="2018-10-10T00:54:46Z" name="logOutUser" finished-at="2018-10-10T00:54:51Z" duration-ms="5067" status="PASS">
          <reporter-output>
          </reporter-output>
        </test-method> <!-- logOutUser -->
        <test-method is-config="true" signature="logOutUser()[pri:0, instance:amazonTest.AmazonTest5@58a9760d]" started-at="2018-10-10T00:54:51Z" name="logOutUser" finished-at="2018-10-10T00:54:54Z" duration-ms="2814" status="PASS">
          <reporter-output>
          </reporter-output>
        </test-method> <!-- logOutUser -->
        <test-method signature="verifySignInButton()[pri:0, instance:amazonTest.AmazonTest1@4e50c791]" started-at="2018-10-10T00:54:54Z" name="verifySignInButton" finished-at="2018-10-10T00:54:54Z" duration-ms="38" status="PASS">
          <reporter-output>
          </reporter-output>
        </test-method> <!-- verifySignInButton -->
        <test-method is-config="true" signature="endSession()[pri:0, instance:amazonTest.AmazonTest1@4e50c791]" started-at="2018-10-10T00:55:24Z" name="endSession" finished-at="2018-10-10T00:55:24Z" duration-ms="253" status="PASS">
          <reporter-output>
          </reporter-output>
        </test-method> <!-- endSession -->
        <test-method is-config="true" signature="endSession()[pri:0, instance:amazonTest.AmazonTest2@7530ad9c]" started-at="2018-10-10T00:55:24Z" name="endSession" finished-at="2018-10-10T00:55:24Z" duration-ms="280" status="PASS">
          <reporter-output>
          </reporter-output>
        </test-method> <!-- endSession -->
        <test-method is-config="true" signature="endSession()[pri:0, instance:amazonTest.AmazonTest3@71e9ddb4]" started-at="2018-10-10T00:55:24Z" name="endSession" finished-at="2018-10-10T00:55:24Z" duration-ms="212" status="PASS">
          <reporter-output>
          </reporter-output>
        </test-method> <!-- endSession -->
        <test-method is-config="true" signature="endSession()[pri:0, instance:amazonTest.AmazonTest4@394df057]" started-at="2018-10-10T00:55:24Z" name="endSession" finished-at="2018-10-10T00:55:25Z" duration-ms="201" status="PASS">
          <reporter-output>
          </reporter-output>
        </test-method> <!-- endSession -->
        <test-method is-config="true" signature="endSession()[pri:0, instance:amazonTest.AmazonTest5@58a9760d]" started-at="2018-10-10T00:55:25Z" name="endSession" finished-at="2018-10-10T00:55:25Z" duration-ms="223" status="PASS">
          <reporter-output>
          </reporter-output>
        </test-method> <!-- endSession -->
      </class> <!-- amazonTest.AmazonTest1 -->
    </test> <!-- Amazon Tests -->
  </suite> <!-- Amazon Test Suite -->
</testng-results>
